FILE is:2024-04-01 20:25:51,469 ---Name is RANA NAME -- ***INFO*** - 17
FILE is:2024-04-01 20:26:59,896 ---Name is RANA NAME -- ***INFO*** - 74
FILE is:2024-04-01 20:28:17,797 ---Name is RANA NAME -- ***INFO*** - 74
FILE is:2024-04-01 20:36:03,239 ---Name is RANA NAME -- ***INFO*** - 74
FILE is:2024-04-01 20:49:59,014 ---Name is RANA NAME -- ***INFO*** - Gender of Rana Universe: Girl
FILE is:2024-04-02 20:17:22,796 ---Name is RANA NAME -- ***INFO*** - Gender of Rana Universe: Boy
FILE is:2024-04-02 20:17:22,796 ---Name is RANA NAME -- ***INFO*** - Gender of Rana Universe: Boy
FILE is:2024-04-02 21:07:05,326 ---Name is RANA NAME -- ***INFO*** - Gender of Papai: Boy
FILE is:2024-04-02 21:17:16,428 ---Name is RANA NAME -- ***INFO*** - User Rana Universe canceled the conversation.
FILE is:2024-04-02 21:17:22,739 ---Name is RANA NAME -- ***INFO*** - Gender of Rana Universe: Boy
FILE is:2024-04-02 21:17:25,787 ---Name is RANA NAME -- ***INFO*** - User Rana Universe did not send a photo.
FILE is:2024-04-02 21:17:28,661 ---Name is RANA NAME -- ***INFO*** - User Rana Universe did not send a location.
FILE is:2024-04-02 21:17:33,851 ---Name is RANA NAME -- ***INFO*** - Bio of Rana Universe: lkj
FILE is:2024-04-03 07:04:55,006 ---Name is RANA NAME -- ***INFO*** - 74
FILE is:2024-04-03 20:31:25,506 ---Name is RANA NAME -- ***INFO*** - Gender of Rana Universe: Boy
FILE is:2024-04-03 20:31:25,506 ---Name is RANA NAME -- ***INFO*** - Gender of Rana Universe: Boy
FILE is:2024-04-03 20:31:25,506 ---Name is RANA NAME -- ***INFO*** - Gender of Rana Universe: Boy
FILE is:2024-04-03 20:31:35,237 ---Name is RANA NAME -- ***INFO*** - Photo of Rana Universe: user_photo.jpg
FILE is:2024-04-03 20:31:35,237 ---Name is RANA NAME -- ***INFO*** - Photo of Rana Universe: user_photo.jpg
FILE is:2024-04-03 20:31:35,237 ---Name is RANA NAME -- ***INFO*** - Photo of Rana Universe: user_photo.jpg
FILE is:2024-04-03 20:37:06,124 ---Name is RANA NAME -- ***INFO*** - Gender of Rana Universe: Girl
FILE is:2024-04-03 20:37:06,124 ---Name is RANA NAME -- ***INFO*** - Gender of Rana Universe: Girl
FILE is:2024-04-03 20:37:06,124 ---Name is RANA NAME -- ***INFO*** - Gender of Rana Universe: Girl
FILE is:2024-04-04 09:30:32,763 ---Name is RANA NAME -- ***INFO*** - Gender of Rana Universe: Boy
FILE is:2024-04-04 09:30:32,763 ---Name is RANA NAME -- ***INFO*** - Gender of Rana Universe: Boy
FILE is:2024-04-04 09:30:32,763 ---Name is RANA NAME -- ***INFO*** - Gender of Rana Universe: Boy
FILE is:2024-04-04 09:34:32,153 ---Name is RANA NAME -- ***INFO*** - Gender of Rana Universe: Boy
FILE is:2024-04-04 09:34:32,153 ---Name is RANA NAME -- ***INFO*** - Gender of Rana Universe: Boy
FILE is:2024-04-04 09:34:47,304 ---Name is RANA NAME -- ***INFO*** - Photo of Rana Universe: user_photo.jpg
FILE is:2024-04-04 09:34:47,304 ---Name is RANA NAME -- ***INFO*** - Photo of Rana Universe: user_photo.jpg
FILE is:2024-04-04 09:34:52,276 ---Name is RANA NAME -- ***INFO*** - User Rana Universe did not send a location.
FILE is:2024-04-04 09:34:52,276 ---Name is RANA NAME -- ***INFO*** - User Rana Universe did not send a location.
FILE is:2024-04-04 09:34:55,147 ---Name is RANA NAME -- ***INFO*** - Bio of Rana Universe: adfa
FILE is:2024-04-04 09:34:55,147 ---Name is RANA NAME -- ***INFO*** - Bio of Rana Universe: adfa
